This file contains any messages produced by compilers while
running configure, to aid debugging if configure makes a mistake.

It was created by opencore-amr configure 0.1.4, which was
generated by GNU Autoconf 2.69.  Invocation command line was

  $ ./configure --host=arm-apple-darwin --prefix=/Users/sunnysun/workspace/opencore-amr-0.1.4/opencore-amr-iOS --disable-shared

## --------- ##
## Platform. ##
## --------- ##

hostname = Sunnys-MacBook-Pro.local
uname -m = x86_64
uname -r = 16.3.0
uname -s = Darwin
uname -v = Darwin Kernel Version 16.3.0: Thu Nov 17 20:23:58 PST 2016; root:xnu-3789.31.2~1/RELEASE_X86_64

/usr/bin/uname -p = i386
/bin/uname -X     = unknown

/bin/arch              = unknown
/usr/bin/arch -k       = unknown
/usr/convex/getsysinfo = unknown
/usr/bin/hostinfo      = Mach kernel version:
	 Darwin Kernel Version 16.3.0: Thu Nov 17 20:23:58 PST 2016; root:xnu-3789.31.2~1/RELEASE_X86_64
Kernel configured for up to 8 processors.
4 processors are physically available.
8 processors are logically available.
Processor type: x86_64h (Intel x86-64h Haswell)
Processors active: 0 1 2 3 4 5 6 7
Primary memory available: 16.00 gigabytes
Default processor set: 323 tasks, 1400 threads, 8 processors
Load average: 3.16, Mach factor: 4.83
/bin/machine           = unknown
/usr/bin/oslevel       = unknown
/bin/universe          = unknown

PATH: /Applications/Xcode.app/Contents/Developer/Platforms/iPhoneOS.platform/Developer/usr/bin
PATH: /usr/local/bin
PATH: /usr/bin
PATH: /bin
PATH: /usr/sbin
PATH: /sbin
PATH: /opt/X11/bin
PATH: /Users/sunnysun/devtool/android-ndk-r9d
PATH: /Users/sunnysun/Library/Android/sdk/platform-tools
PATH: /Users/sunnysun/devtool/android-ndk-r9d/toolchains/arm-linux-androideabi-4.6/prebuilt/darwin-x86_64/bin


## ----------- ##
## Core tests. ##
## ----------- ##

configure:2619: checking for a BSD-compatible install
configure:2687: result: /usr/bin/install -c
configure:2698: checking whether build environment is sane
configure:2753: result: yes
configure:2812: checking for arm-apple-darwin-strip
configure:2842: result: no
configure:2852: checking for strip
configure:2868: found /usr/bin/strip
configure:2879: result: strip
configure:2904: checking for a thread-safe mkdir -p
configure:2943: result: ./install-sh -c -d
configure:2950: checking for gawk
configure:2980: result: no
configure:2950: checking for mawk
configure:2980: result: no
configure:2950: checking for nawk
configure:2980: result: no
configure:2950: checking for awk
configure:2966: found /usr/bin/awk
configure:2977: result: awk
configure:2988: checking whether make sets $(MAKE)
configure:3010: result: yes
configure:3039: checking whether make supports nested variables
configure:3056: result: yes
configure:3145: checking whether UID '502' is supported by ustar format
configure:3148: result: yes
configure:3155: checking whether GID '20' is supported by ustar format
configure:3158: result: yes
configure:3166: checking how to create a ustar tar archive
configure:3177: tar --version
bsdtar 2.8.3 - libarchive 2.8.3
configure:3180: $? = 0
configure:3220: tardir=conftest.dir && eval tar --format=ustar -chf - "$tardir" >conftest.tar
configure:3223: $? = 0
configure:3227: tar -xf - <conftest.tar
configure:3230: $? = 0
configure:3232: cat conftest.dir/file
GrepMe
configure:3235: $? = 0
configure:3248: result: gnutar
configure:3309: checking whether make supports nested variables
configure:3326: result: yes
configure:3338: checking whether to enable maintainer-specific portions of Makefiles
configure:3347: result: no
configure:3550: checking for C++ compiler version
configure:3559: xcrun --sdk iphoneos clang++ -arch arm64  -miphoneos-version-min=7.0 --sysroot=/Applications/Xcode.app/Contents/Developer/Platforms/iPhoneOS.platform/Developer/SDKs/iPhoneOS10.2.sdk -isystem /Applications/Xcode.app/Contents/Developer/Platforms/iPhoneOS.platform/Developer/SDKs/iPhoneOS10.2.sdk/usr/include --version >&5
Apple LLVM version 8.0.0 (clang-800.0.42.1)
Target: aarch64-apple-darwin16.3.0
Thread model: posix
InstalledDir: /Applications/Xcode.app/Contents/Developer/Toolchains/XcodeDefault.xctoolchain/usr/bin
configure:3570: $? = 0
configure:3559: xcrun --sdk iphoneos clang++ -arch arm64  -miphoneos-version-min=7.0 --sysroot=/Applications/Xcode.app/Contents/Developer/Platforms/iPhoneOS.platform/Developer/SDKs/iPhoneOS10.2.sdk -isystem /Applications/Xcode.app/Contents/Developer/Platforms/iPhoneOS.platform/Developer/SDKs/iPhoneOS10.2.sdk/usr/include -v >&5
Apple LLVM version 8.0.0 (clang-800.0.42.1)
Target: aarch64-apple-darwin16.3.0
Thread model: posix
InstalledDir: /Applications/Xcode.app/Contents/Developer/Toolchains/XcodeDefault.xctoolchain/usr/bin
clang: warning: argument unused during compilation: '-miphoneos-version-min=7.0'
clang: warning: argument unused during compilation: '-isystem /Applications/Xcode.app/Contents/Developer/Platforms/iPhoneOS.platform/Developer/SDKs/iPhoneOS10.2.sdk/usr/include'
configure:3570: $? = 0
configure:3559: xcrun --sdk iphoneos clang++ -arch arm64  -miphoneos-version-min=7.0 --sysroot=/Applications/Xcode.app/Contents/Developer/Platforms/iPhoneOS.platform/Developer/SDKs/iPhoneOS10.2.sdk -isystem /Applications/Xcode.app/Contents/Developer/Platforms/iPhoneOS.platform/Developer/SDKs/iPhoneOS10.2.sdk/usr/include -V >&5
clang: error: argument to '-V' is missing (expected 1 value)
clang: error: no input files
configure:3570: $? = 1
configure:3559: xcrun --sdk iphoneos clang++ -arch arm64  -miphoneos-version-min=7.0 --sysroot=/Applications/Xcode.app/Contents/Developer/Platforms/iPhoneOS.platform/Developer/SDKs/iPhoneOS10.2.sdk -isystem /Applications/Xcode.app/Contents/Developer/Platforms/iPhoneOS.platform/Developer/SDKs/iPhoneOS10.2.sdk/usr/include -qversion >&5
clang: error: unknown argument: '-qversion'
clang: error: no input files
configure:3570: $? = 1
configure:3590: checking whether the C++ compiler works
configure:3612: xcrun --sdk iphoneos clang++ -arch arm64  -miphoneos-version-min=7.0 --sysroot=/Applications/Xcode.app/Contents/Developer/Platforms/iPhoneOS.platform/Developer/SDKs/iPhoneOS10.2.sdk -isystem /Applications/Xcode.app/Contents/Developer/Platforms/iPhoneOS.platform/Developer/SDKs/iPhoneOS10.2.sdk/usr/include   -Wl,-syslibroot,/Applications/Xcode.app/Contents/Developer/Platforms/iPhoneOS.platform/Developer/SDKs/iPhoneOS10.2.sdk conftest.cpp  >&5
configure:3616: $? = 0
configure:3664: result: yes
configure:3667: checking for C++ compiler default output file name
configure:3669: result: a.out
configure:3675: checking for suffix of executables
configure:3682: xcrun --sdk iphoneos clang++ -arch arm64  -miphoneos-version-min=7.0 --sysroot=/Applications/Xcode.app/Contents/Developer/Platforms/iPhoneOS.platform/Developer/SDKs/iPhoneOS10.2.sdk -isystem /Applications/Xcode.app/Contents/Developer/Platforms/iPhoneOS.platform/Developer/SDKs/iPhoneOS10.2.sdk/usr/include -o conftest   -Wl,-syslibroot,/Applications/Xcode.app/Contents/Developer/Platforms/iPhoneOS.platform/Developer/SDKs/iPhoneOS10.2.sdk conftest.cpp  >&5
configure:3686: $? = 0
configure:3708: result: 
configure:3730: checking whether we are cross compiling
configure:3738: xcrun --sdk iphoneos clang++ -arch arm64  -miphoneos-version-min=7.0 --sysroot=/Applications/Xcode.app/Contents/Developer/Platforms/iPhoneOS.platform/Developer/SDKs/iPhoneOS10.2.sdk -isystem /Applications/Xcode.app/Contents/Developer/Platforms/iPhoneOS.platform/Developer/SDKs/iPhoneOS10.2.sdk/usr/include -o conftest   -Wl,-syslibroot,/Applications/Xcode.app/Contents/Developer/Platforms/iPhoneOS.platform/Developer/SDKs/iPhoneOS10.2.sdk conftest.cpp  >&5
configure:3742: $? = 0
configure:3749: ./conftest
./configure: line 3751: ./conftest: Bad CPU type in executable
configure:3753: $? = 126
configure:3768: result: yes
configure:3773: checking for suffix of object files
configure:3795: xcrun --sdk iphoneos clang++ -arch arm64  -miphoneos-version-min=7.0 --sysroot=/Applications/Xcode.app/Contents/Developer/Platforms/iPhoneOS.platform/Developer/SDKs/iPhoneOS10.2.sdk -isystem /Applications/Xcode.app/Contents/Developer/Platforms/iPhoneOS.platform/Developer/SDKs/iPhoneOS10.2.sdk/usr/include -c   conftest.cpp >&5
configure:3799: $? = 0
configure:3820: result: o
configure:3824: checking whether we are using the GNU C++ compiler
configure:3843: xcrun --sdk iphoneos clang++ -arch arm64  -miphoneos-version-min=7.0 --sysroot=/Applications/Xcode.app/Contents/Developer/Platforms/iPhoneOS.platform/Developer/SDKs/iPhoneOS10.2.sdk -isystem /Applications/Xcode.app/Contents/Developer/Platforms/iPhoneOS.platform/Developer/SDKs/iPhoneOS10.2.sdk/usr/include -c   conftest.cpp >&5
configure:3843: $? = 0
configure:3852: result: yes
configure:3861: checking whether xcrun --sdk iphoneos clang++ -arch arm64  -miphoneos-version-min=7.0 --sysroot=/Applications/Xcode.app/Contents/Developer/Platforms/iPhoneOS.platform/Developer/SDKs/iPhoneOS10.2.sdk -isystem /Applications/Xcode.app/Contents/Developer/Platforms/iPhoneOS.platform/Developer/SDKs/iPhoneOS10.2.sdk/usr/include accepts -g
configure:3881: xcrun --sdk iphoneos clang++ -arch arm64  -miphoneos-version-min=7.0 --sysroot=/Applications/Xcode.app/Contents/Developer/Platforms/iPhoneOS.platform/Developer/SDKs/iPhoneOS10.2.sdk -isystem /Applications/Xcode.app/Contents/Developer/Platforms/iPhoneOS.platform/Developer/SDKs/iPhoneOS10.2.sdk/usr/include -c -g  conftest.cpp >&5
configure:3881: $? = 0
configure:3922: result: yes
configure:3956: checking for style of include used by make
configure:3984: result: GNU
configure:4010: checking dependency style of xcrun --sdk iphoneos clang++ -arch arm64  -miphoneos-version-min=7.0 --sysroot=/Applications/Xcode.app/Contents/Developer/Platforms/iPhoneOS.platform/Developer/SDKs/iPhoneOS10.2.sdk -isystem /Applications/Xcode.app/Contents/Developer/Platforms/iPhoneOS.platform/Developer/SDKs/iPhoneOS10.2.sdk/usr/include
configure:4121: result: gcc3
configure:4144: checking for arm-apple-darwin-gcc
configure:4174: result: no
configure:4184: checking for gcc
configure:4200: found /usr/bin/gcc
configure:4211: result: gcc
configure:4223: WARNING: using cross tools not prefixed with host triplet
configure:4440: checking for C compiler version
configure:4449: gcc --version >&5
Apple LLVM version 8.0.0 (clang-800.0.42.1)
Target: x86_64-apple-darwin16.3.0
Thread model: posix
InstalledDir: /Applications/Xcode.app/Contents/Developer/Toolchains/XcodeDefault.xctoolchain/usr/bin
Configured with: --prefix=/Applications/Xcode.app/Contents/Developer/usr --with-gxx-include-dir=/Applications/Xcode.app/Contents/Developer/Platforms/MacOSX.platform/Developer/SDKs/MacOSX10.12.sdk/usr/include/c++/4.2.1
configure:4460: $? = 0
configure:4449: gcc -v >&5
Configured with: --prefix=/Applications/Xcode.app/Contents/Developer/usr --with-gxx-include-dir=/Applications/Xcode.app/Contents/Developer/Platforms/MacOSX.platform/Developer/SDKs/MacOSX10.12.sdk/usr/include/c++/4.2.1
Apple LLVM version 8.0.0 (clang-800.0.42.1)
Target: x86_64-apple-darwin16.3.0
Thread model: posix
InstalledDir: /Applications/Xcode.app/Contents/Developer/Toolchains/XcodeDefault.xctoolchain/usr/bin
configure:4460: $? = 0
configure:4449: gcc -V >&5
clang: error: argument to '-V' is missing (expected 1 value)
clang: error: no input files
configure:4460: $? = 1
configure:4449: gcc -qversion >&5
clang: error: unknown argument: '-qversion'
clang: error: no input files
configure:4460: $? = 1
configure:4464: checking whether we are using the GNU C compiler
configure:4483: gcc -c   conftest.c >&5
configure:4483: $? = 0
configure:4492: result: yes
configure:4501: checking whether gcc accepts -g
configure:4521: gcc -c -g  conftest.c >&5
configure:4521: $? = 0
configure:4562: result: yes
configure:4579: checking for gcc option to accept ISO C89
configure:4642: gcc  -c -g -O2  conftest.c >&5
configure:4642: $? = 0
configure:4655: result: none needed
configure:4680: checking whether gcc understands -c and -o together
configure:4702: gcc -c conftest.c -o conftest2.o
configure:4705: $? = 0
configure:4702: gcc -c conftest.c -o conftest2.o
configure:4705: $? = 0
configure:4717: result: yes
configure:4736: checking dependency style of gcc
configure:4847: result: gcc3
configure:4863: checking whether ln -s works
configure:4867: result: yes
configure:4874: checking whether make sets $(MAKE)
configure:4896: result: yes
configure:4935: checking build system type
configure:4949: result: x86_64-apple-darwin16.3.0
configure:4969: checking host system type
configure:4982: result: arm-apple-darwin
configure:5023: checking how to print strings
configure:5050: result: printf
configure:5071: checking for a sed that does not truncate output
configure:5135: result: /usr/bin/sed
configure:5153: checking for grep that handles long lines and -e
configure:5211: result: /usr/bin/grep
configure:5216: checking for egrep
configure:5278: result: /usr/bin/grep -E
configure:5283: checking for fgrep
configure:5345: result: /usr/bin/grep -F
configure:5380: checking for ld used by gcc
configure:5447: result: /Applications/Xcode.app/Contents/Developer/Toolchains/XcodeDefault.xctoolchain/usr/bin/ld
configure:5454: checking if the linker (/Applications/Xcode.app/Contents/Developer/Toolchains/XcodeDefault.xctoolchain/usr/bin/ld) is GNU ld
configure:5469: result: no
configure:5481: checking for BSD- or MS-compatible name lister (nm)
configure:5535: result: no
configure:5549: checking for arm-apple-darwin-dumpbin
configure:5579: result: no
configure:5549: checking for arm-apple-darwin-link
configure:5579: result: no
configure:5593: checking for dumpbin
configure:5623: result: no
configure:5593: checking for link
configure:5609: found /bin/link
configure:5620: result: link -dump
configure:5665: checking the name lister (nm) interface
configure:5672: gcc -c -g -O2  conftest.c >&5
configure:5675: nm "conftest.o"
configure:5678: output
0000000000000200 S _some_variable
configure:5685: result: BSD nm
configure:5689: checking the maximum length of command line arguments
configure:5820: result: 196608
configure:5868: checking how to convert x86_64-apple-darwin16.3.0 file names to arm-apple-darwin format
configure:5908: result: func_convert_file_noop
configure:5915: checking how to convert x86_64-apple-darwin16.3.0 file names to toolchain format
configure:5935: result: func_convert_file_noop
configure:5942: checking for /Applications/Xcode.app/Contents/Developer/Toolchains/XcodeDefault.xctoolchain/usr/bin/ld option to reload object files
configure:5949: result: -r
configure:5983: checking for arm-apple-darwin-objdump
configure:6013: result: no
configure:6023: checking for objdump
configure:6039: found /usr/bin/objdump
configure:6050: result: objdump
configure:6082: checking how to recognize dependent libraries
configure:6282: result: pass_all
configure:6327: checking for arm-apple-darwin-dlltool
configure:6357: result: no
configure:6367: checking for dlltool
configure:6397: result: no
configure:6427: checking how to associate runtime and link libraries
configure:6454: result: printf %s\n
configure:6471: checking for arm-apple-darwin-ar
configure:6501: result: no
configure:6515: checking for ar
configure:6531: found /usr/bin/ar
configure:6542: result: ar
configure:6579: checking for archiver @FILE support
configure:6596: gcc -c -g -O2  conftest.c >&5
configure:6596: $? = 0
configure:6599: ar cru libconftest.a @conftest.lst >&5
ar: @conftest.lst: No such file or directory
configure:6602: $? = 1
configure:6622: result: no
configure:6640: checking for arm-apple-darwin-strip
configure:6667: result: strip
configure:6739: checking for arm-apple-darwin-ranlib
configure:6769: result: no
configure:6779: checking for ranlib
configure:6795: found /usr/bin/ranlib
configure:6806: result: ranlib
configure:6908: checking command to parse nm output from gcc object
configure:7061: gcc -c -g -O2  conftest.c >&5
configure:7064: $? = 0
configure:7068: nm conftest.o \| sed -n -e 's/^.*[ ]\([BCDEGRST][BCDEGRST]*\)[ ][ ]*\([_A-Za-z][_A-Za-z0-9]*\)$/\1 \2 \2/p' | sed '/ __gnu_lto/d' \> conftest.nm
configure:7071: $? = 0
cannot find nm_test_var in conftest.nm
configure:7061: gcc -c -g -O2  conftest.c >&5
configure:7064: $? = 0
configure:7068: nm conftest.o \| sed -n -e 's/^.*[ ]\([BCDEGRST][BCDEGRST]*\)[ ][ ]*_\([_A-Za-z][_A-Za-z0-9]*\)$/\1 _\2 \2/p' | sed '/ __gnu_lto/d' \> conftest.nm
configure:7071: $? = 0
configure:7137: gcc -o conftest -g -O2  -Wl,-syslibroot,/Applications/Xcode.app/Contents/Developer/Platforms/iPhoneOS.platform/Developer/SDKs/iPhoneOS10.2.sdk conftest.c conftstm.o >&5
warning: (x86_64)  could not find object file symbol for symbol _main
configure:7140: $? = 0
configure:7178: result: ok
configure:7225: checking for sysroot
configure:7255: result: no
configure:7262: checking for a working dd
configure:7300: result: /bin/dd
configure:7304: checking how to truncate binary pipes
configure:7319: result: /bin/dd bs=4096 count=1
configure:7608: checking for arm-apple-darwin-mt
configure:7638: result: no
configure:7648: checking for mt
configure:7678: result: no
configure:7698: checking if : is a manifest tool
configure:7704: : '-?'
configure:7712: result: no
configure:7728: checking for arm-apple-darwin-dsymutil
configure:7758: result: no
configure:7768: checking for dsymutil
configure:7784: found /usr/bin/dsymutil
configure:7795: result: dsymutil
configure:7820: checking for arm-apple-darwin-nmedit
configure:7850: result: no
configure:7860: checking for nmedit
configure:7876: found /usr/bin/nmedit
configure:7887: result: nmedit
configure:7912: checking for arm-apple-darwin-lipo
configure:7942: result: no
configure:7952: checking for lipo
configure:7968: found /usr/bin/lipo
configure:7979: result: lipo
configure:8004: checking for arm-apple-darwin-otool
configure:8034: result: no
configure:8044: checking for otool
configure:8060: found /usr/bin/otool
configure:8071: result: otool
configure:8096: checking for arm-apple-darwin-otool64
configure:8126: result: no
configure:8136: checking for otool64
configure:8166: result: no
configure:8211: checking for -single_module linker flag
gcc -g -O2 -Wl,-syslibroot,/Applications/Xcode.app/Contents/Developer/Platforms/iPhoneOS.platform/Developer/SDKs/iPhoneOS10.2.sdk -o libconftest.dylib -dynamiclib -Wl,-single_module conftest.c
configure:8244: result: yes
configure:8247: checking for -exported_symbols_list linker flag
configure:8267: gcc -o conftest -g -O2  -Wl,-syslibroot,/Applications/Xcode.app/Contents/Developer/Platforms/iPhoneOS.platform/Developer/SDKs/iPhoneOS10.2.sdk -Wl,-exported_symbols_list,conftest.sym conftest.c  >&5
configure:8267: $? = 0
configure:8277: result: yes
configure:8280: checking for -force_load linker flag
gcc -g -O2 -c -o conftest.o conftest.c
ar cru libconftest.a conftest.o
ranlib libconftest.a
gcc -g -O2 -Wl,-syslibroot,/Applications/Xcode.app/Contents/Developer/Platforms/iPhoneOS.platform/Developer/SDKs/iPhoneOS10.2.sdk -o conftest conftest.c -Wl,-force_load,./libconftest.a
configure:8312: result: yes
configure:8389: checking how to run the C preprocessor
configure:8420: gcc -E  conftest.c
configure:8420: $? = 0
configure:8434: gcc -E  conftest.c
conftest.c:11:10: fatal error: 'ac_nonexistent.h' file not found
#include <ac_nonexistent.h>
         ^
1 error generated.
configure:8434: $? = 1
configure: failed program was:
| /* confdefs.h */
| #define PACKAGE_NAME "opencore-amr"
| #define PACKAGE_TARNAME "opencore-amr"
| #define PACKAGE_VERSION "0.1.4"
| #define PACKAGE_STRING "opencore-amr 0.1.4"
| #define PACKAGE_BUGREPORT "http://sourceforge.net/projects/opencore-amr/"
| #define PACKAGE_URL ""
| #define PACKAGE "opencore-amr"
| #define VERSION "0.1.4"
| /* end confdefs.h.  */
| #include <ac_nonexistent.h>
configure:8459: result: gcc -E
configure:8479: gcc -E  conftest.c
configure:8479: $? = 0
configure:8493: gcc -E  conftest.c
conftest.c:11:10: fatal error: 'ac_nonexistent.h' file not found
#include <ac_nonexistent.h>
         ^
1 error generated.
configure:8493: $? = 1
configure: failed program was:
| /* confdefs.h */
| #define PACKAGE_NAME "opencore-amr"
| #define PACKAGE_TARNAME "opencore-amr"
| #define PACKAGE_VERSION "0.1.4"
| #define PACKAGE_STRING "opencore-amr 0.1.4"
| #define PACKAGE_BUGREPORT "http://sourceforge.net/projects/opencore-amr/"
| #define PACKAGE_URL ""
| #define PACKAGE "opencore-amr"
| #define VERSION "0.1.4"
| /* end confdefs.h.  */
| #include <ac_nonexistent.h>
configure:8522: checking for ANSI C header files
configure:8542: gcc -c -g -O2  conftest.c >&5
configure:8542: $? = 0
configure:8626: result: yes
configure:8639: checking for sys/types.h
configure:8639: gcc -c -g -O2  conftest.c >&5
configure:8639: $? = 0
configure:8639: result: yes
configure:8639: checking for sys/stat.h
configure:8639: gcc -c -g -O2  conftest.c >&5
configure:8639: $? = 0
configure:8639: result: yes
configure:8639: checking for stdlib.h
configure:8639: gcc -c -g -O2  conftest.c >&5
configure:8639: $? = 0
configure:8639: result: yes
configure:8639: checking for string.h
configure:8639: gcc -c -g -O2  conftest.c >&5
configure:8639: $? = 0
configure:8639: result: yes
configure:8639: checking for memory.h
configure:8639: gcc -c -g -O2  conftest.c >&5
configure:8639: $? = 0
configure:8639: result: yes
configure:8639: checking for strings.h
configure:8639: gcc -c -g -O2  conftest.c >&5
configure:8639: $? = 0
configure:8639: result: yes
configure:8639: checking for inttypes.h
configure:8639: gcc -c -g -O2  conftest.c >&5
configure:8639: $? = 0
configure:8639: result: yes
configure:8639: checking for stdint.h
configure:8639: gcc -c -g -O2  conftest.c >&5
configure:8639: $? = 0
configure:8639: result: yes
configure:8639: checking for unistd.h
configure:8639: gcc -c -g -O2  conftest.c >&5
configure:8639: $? = 0
configure:8639: result: yes
configure:8653: checking for dlfcn.h
configure:8653: gcc -c -g -O2  conftest.c >&5
configure:8653: $? = 0
configure:8653: result: yes
configure:8920: checking for objdir
configure:8935: result: .libs
configure:9199: checking if gcc supports -fno-rtti -fno-exceptions
configure:9217: gcc -c -g -O2  -fno-rtti -fno-exceptions conftest.c >&5
configure:9221: $? = 0
configure:9234: result: yes
configure:9592: checking for gcc option to produce PIC
configure:9599: result: -fno-common -DPIC
configure:9607: checking if gcc PIC flag -fno-common -DPIC works
configure:9625: gcc -c -g -O2  -fno-common -DPIC -DPIC conftest.c >&5
configure:9629: $? = 0
configure:9642: result: yes
configure:9671: checking if gcc static flag -static works
configure:9699: result: no
configure:9714: checking if gcc supports -c -o file.o
configure:9735: gcc -c -g -O2  -o out/conftest2.o conftest.c >&5
configure:9739: $? = 0
configure:9761: result: yes
configure:9769: checking if gcc supports -c -o file.o
configure:9816: result: yes
configure:9849: checking whether the gcc linker (/Applications/Xcode.app/Contents/Developer/Toolchains/XcodeDefault.xctoolchain/usr/bin/ld) supports shared libraries
configure:11112: result: yes
configure:11352: checking dynamic linker characteristics
configure:12182: result: darwin dyld
configure:12304: checking how to hardcode library paths into programs
configure:12329: result: immediate
configure:12877: checking whether stripping libraries is possible
configure:12891: result: yes
configure:12917: checking if libtool supports shared libraries
configure:12919: result: yes
configure:12922: checking whether to build shared libraries
configure:12947: result: no
configure:12950: checking whether to build static libraries
configure:12954: result: yes
configure:12977: checking how to run the C++ preprocessor
configure:13004: xcrun --sdk iphoneos clang++ -arch arm64  -miphoneos-version-min=7.0 --sysroot=/Applications/Xcode.app/Contents/Developer/Platforms/iPhoneOS.platform/Developer/SDKs/iPhoneOS10.2.sdk -isystem /Applications/Xcode.app/Contents/Developer/Platforms/iPhoneOS.platform/Developer/SDKs/iPhoneOS10.2.sdk/usr/include -E  conftest.cpp
configure:13004: $? = 0
configure:13018: xcrun --sdk iphoneos clang++ -arch arm64  -miphoneos-version-min=7.0 --sysroot=/Applications/Xcode.app/Contents/Developer/Platforms/iPhoneOS.platform/Developer/SDKs/iPhoneOS10.2.sdk -isystem /Applications/Xcode.app/Contents/Developer/Platforms/iPhoneOS.platform/Developer/SDKs/iPhoneOS10.2.sdk/usr/include -E  conftest.cpp
conftest.cpp:23:10: fatal error: 'ac_nonexistent.h' file not found
#include <ac_nonexistent.h>
         ^
1 error generated.
configure:13018: $? = 1
configure: failed program was:
| /* confdefs.h */
| #define PACKAGE_NAME "opencore-amr"
| #define PACKAGE_TARNAME "opencore-amr"
| #define PACKAGE_VERSION "0.1.4"
| #define PACKAGE_STRING "opencore-amr 0.1.4"
| #define PACKAGE_BUGREPORT "http://sourceforge.net/projects/opencore-amr/"
| #define PACKAGE_URL ""
| #define PACKAGE "opencore-amr"
| #define VERSION "0.1.4"
| #define STDC_HEADERS 1
| #define HAVE_SYS_TYPES_H 1
| #define HAVE_SYS_STAT_H 1
| #define HAVE_STDLIB_H 1
| #define HAVE_STRING_H 1
| #define HAVE_MEMORY_H 1
| #define HAVE_STRINGS_H 1
| #define HAVE_INTTYPES_H 1
| #define HAVE_STDINT_H 1
| #define HAVE_UNISTD_H 1
| #define HAVE_DLFCN_H 1
| #define LT_OBJDIR ".libs/"
| /* end confdefs.h.  */
| #include <ac_nonexistent.h>
configure:13043: result: xcrun --sdk iphoneos clang++ -arch arm64  -miphoneos-version-min=7.0 --sysroot=/Applications/Xcode.app/Contents/Developer/Platforms/iPhoneOS.platform/Developer/SDKs/iPhoneOS10.2.sdk -isystem /Applications/Xcode.app/Contents/Developer/Platforms/iPhoneOS.platform/Developer/SDKs/iPhoneOS10.2.sdk/usr/include -E
configure:13063: xcrun --sdk iphoneos clang++ -arch arm64  -miphoneos-version-min=7.0 --sysroot=/Applications/Xcode.app/Contents/Developer/Platforms/iPhoneOS.platform/Developer/SDKs/iPhoneOS10.2.sdk -isystem /Applications/Xcode.app/Contents/Developer/Platforms/iPhoneOS.platform/Developer/SDKs/iPhoneOS10.2.sdk/usr/include -E  conftest.cpp
configure:13063: $? = 0
configure:13077: xcrun --sdk iphoneos clang++ -arch arm64  -miphoneos-version-min=7.0 --sysroot=/Applications/Xcode.app/Contents/Developer/Platforms/iPhoneOS.platform/Developer/SDKs/iPhoneOS10.2.sdk -isystem /Applications/Xcode.app/Contents/Developer/Platforms/iPhoneOS.platform/Developer/SDKs/iPhoneOS10.2.sdk/usr/include -E  conftest.cpp
conftest.cpp:23:10: fatal error: 'ac_nonexistent.h' file not found
#include <ac_nonexistent.h>
         ^
1 error generated.
configure:13077: $? = 1
configure: failed program was:
| /* confdefs.h */
| #define PACKAGE_NAME "opencore-amr"
| #define PACKAGE_TARNAME "opencore-amr"
| #define PACKAGE_VERSION "0.1.4"
| #define PACKAGE_STRING "opencore-amr 0.1.4"
| #define PACKAGE_BUGREPORT "http://sourceforge.net/projects/opencore-amr/"
| #define PACKAGE_URL ""
| #define PACKAGE "opencore-amr"
| #define VERSION "0.1.4"
| #define STDC_HEADERS 1
| #define HAVE_SYS_TYPES_H 1
| #define HAVE_SYS_STAT_H 1
| #define HAVE_STDLIB_H 1
| #define HAVE_STRING_H 1
| #define HAVE_MEMORY_H 1
| #define HAVE_STRINGS_H 1
| #define HAVE_INTTYPES_H 1
| #define HAVE_STDINT_H 1
| #define HAVE_UNISTD_H 1
| #define HAVE_DLFCN_H 1
| #define LT_OBJDIR ".libs/"
| /* end confdefs.h.  */
| #include <ac_nonexistent.h>
configure:13239: checking for ld used by xcrun --sdk iphoneos clang++ -arch arm64  -miphoneos-version-min=7.0 --sysroot=/Applications/Xcode.app/Contents/Developer/Platforms/iPhoneOS.platform/Developer/SDKs/iPhoneOS10.2.sdk -isystem /Applications/Xcode.app/Contents/Developer/Platforms/iPhoneOS.platform/Developer/SDKs/iPhoneOS10.2.sdk/usr/include
configure:13306: result: /Applications/Xcode.app/Contents/Developer/Toolchains/XcodeDefault.xctoolchain/usr/bin/ld
configure:13313: checking if the linker (/Applications/Xcode.app/Contents/Developer/Toolchains/XcodeDefault.xctoolchain/usr/bin/ld) is GNU ld
configure:13328: result: no
configure:13383: checking whether the xcrun --sdk iphoneos clang++ -arch arm64  -miphoneos-version-min=7.0 --sysroot=/Applications/Xcode.app/Contents/Developer/Platforms/iPhoneOS.platform/Developer/SDKs/iPhoneOS10.2.sdk -isystem /Applications/Xcode.app/Contents/Developer/Platforms/iPhoneOS.platform/Developer/SDKs/iPhoneOS10.2.sdk/usr/include linker (/Applications/Xcode.app/Contents/Developer/Toolchains/XcodeDefault.xctoolchain/usr/bin/ld) supports shared libraries
configure:14456: result: yes
configure:14492: xcrun --sdk iphoneos clang++ -arch arm64  -miphoneos-version-min=7.0 --sysroot=/Applications/Xcode.app/Contents/Developer/Platforms/iPhoneOS.platform/Developer/SDKs/iPhoneOS10.2.sdk -isystem /Applications/Xcode.app/Contents/Developer/Platforms/iPhoneOS.platform/Developer/SDKs/iPhoneOS10.2.sdk/usr/include -c -g -O2  conftest.cpp >&5
configure:14495: $? = 0
configure:14976: checking for xcrun --sdk iphoneos clang++ -arch arm64  -miphoneos-version-min=7.0 --sysroot=/Applications/Xcode.app/Contents/Developer/Platforms/iPhoneOS.platform/Developer/SDKs/iPhoneOS10.2.sdk -isystem /Applications/Xcode.app/Contents/Developer/Platforms/iPhoneOS.platform/Developer/SDKs/iPhoneOS10.2.sdk/usr/include option to produce PIC
configure:14983: result: -fno-common -DPIC
configure:14991: checking if xcrun --sdk iphoneos clang++ -arch arm64  -miphoneos-version-min=7.0 --sysroot=/Applications/Xcode.app/Contents/Developer/Platforms/iPhoneOS.platform/Developer/SDKs/iPhoneOS10.2.sdk -isystem /Applications/Xcode.app/Contents/Developer/Platforms/iPhoneOS.platform/Developer/SDKs/iPhoneOS10.2.sdk/usr/include PIC flag -fno-common -DPIC works
configure:15009: xcrun --sdk iphoneos clang++ -arch arm64  -miphoneos-version-min=7.0 --sysroot=/Applications/Xcode.app/Contents/Developer/Platforms/iPhoneOS.platform/Developer/SDKs/iPhoneOS10.2.sdk -isystem /Applications/Xcode.app/Contents/Developer/Platforms/iPhoneOS.platform/Developer/SDKs/iPhoneOS10.2.sdk/usr/include -c -g -O2  -fno-common -DPIC -DPIC conftest.cpp >&5
configure:15013: $? = 0
configure:15026: result: yes
configure:15049: checking if xcrun --sdk iphoneos clang++ -arch arm64  -miphoneos-version-min=7.0 --sysroot=/Applications/Xcode.app/Contents/Developer/Platforms/iPhoneOS.platform/Developer/SDKs/iPhoneOS10.2.sdk -isystem /Applications/Xcode.app/Contents/Developer/Platforms/iPhoneOS.platform/Developer/SDKs/iPhoneOS10.2.sdk/usr/include static flag -static works
configure:15077: result: no
configure:15089: checking if xcrun --sdk iphoneos clang++ -arch arm64  -miphoneos-version-min=7.0 --sysroot=/Applications/Xcode.app/Contents/Developer/Platforms/iPhoneOS.platform/Developer/SDKs/iPhoneOS10.2.sdk -isystem /Applications/Xcode.app/Contents/Developer/Platforms/iPhoneOS.platform/Developer/SDKs/iPhoneOS10.2.sdk/usr/include supports -c -o file.o
configure:15110: xcrun --sdk iphoneos clang++ -arch arm64  -miphoneos-version-min=7.0 --sysroot=/Applications/Xcode.app/Contents/Developer/Platforms/iPhoneOS.platform/Developer/SDKs/iPhoneOS10.2.sdk -isystem /Applications/Xcode.app/Contents/Developer/Platforms/iPhoneOS.platform/Developer/SDKs/iPhoneOS10.2.sdk/usr/include -c -g -O2  -o out/conftest2.o conftest.cpp >&5
configure:15114: $? = 0
configure:15136: result: yes
configure:15141: checking if xcrun --sdk iphoneos clang++ -arch arm64  -miphoneos-version-min=7.0 --sysroot=/Applications/Xcode.app/Contents/Developer/Platforms/iPhoneOS.platform/Developer/SDKs/iPhoneOS10.2.sdk -isystem /Applications/Xcode.app/Contents/Developer/Platforms/iPhoneOS.platform/Developer/SDKs/iPhoneOS10.2.sdk/usr/include supports -c -o file.o
configure:15188: result: yes
configure:15218: checking whether the xcrun --sdk iphoneos clang++ -arch arm64  -miphoneos-version-min=7.0 --sysroot=/Applications/Xcode.app/Contents/Developer/Platforms/iPhoneOS.platform/Developer/SDKs/iPhoneOS10.2.sdk -isystem /Applications/Xcode.app/Contents/Developer/Platforms/iPhoneOS.platform/Developer/SDKs/iPhoneOS10.2.sdk/usr/include linker (/Applications/Xcode.app/Contents/Developer/Toolchains/XcodeDefault.xctoolchain/usr/bin/ld) supports shared libraries
configure:15261: result: yes
configure:15402: checking dynamic linker characteristics
configure:16159: result: darwin dyld
configure:16224: checking how to hardcode library paths into programs
configure:16249: result: immediate
configure:16311: checking for main in -lm
configure:16330: gcc -o conftest -g -O2  -Wl,-syslibroot,/Applications/Xcode.app/Contents/Developer/Platforms/iPhoneOS.platform/Developer/SDKs/iPhoneOS10.2.sdk conftest.c -lm   >&5
configure:16330: $? = 0
configure:16339: result: yes
configure:16354: checking for stdint.h
configure:16354: result: yes
configure:16354: checking for stdlib.h
configure:16354: result: yes
configure:16354: checking for string.h
configure:16354: result: yes
configure:16365: checking for stdbool.h that conforms to C99
configure:16432: gcc -c -g -O2  conftest.c >&5
conftest.c:76:24: warning: address of 's' will always evaluate to 'true' [-Wpointer-bool-conversion]
             bool e = &s;
                  ~    ^
conftest.c:80:23: warning: address of array 'a' will always evaluate to 'true' [-Wpointer-bool-conversion]
             return (!a + !b + !c + !d + !e + !f + !g + !h + !i + !!j + !k + !!l
                     ~^
conftest.c:80:28: warning: address of array 'b' will always evaluate to 'true' [-Wpointer-bool-conversion]
             return (!a + !b + !c + !d + !e + !f + !g + !h + !i + !!j + !k + !!l
                          ~^
conftest.c:80:33: warning: address of array 'c' will always evaluate to 'true' [-Wpointer-bool-conversion]
             return (!a + !b + !c + !d + !e + !f + !g + !h + !i + !!j + !k + !!l
                               ~^
conftest.c:80:38: warning: address of array 'd' will always evaluate to 'true' [-Wpointer-bool-conversion]
             return (!a + !b + !c + !d + !e + !f + !g + !h + !i + !!j + !k + !!l
                                    ~^
conftest.c:80:48: warning: address of array 'f' will always evaluate to 'true' [-Wpointer-bool-conversion]
             return (!a + !b + !c + !d + !e + !f + !g + !h + !i + !!j + !k + !!l
                                              ~^
conftest.c:80:53: warning: address of array 'g' will always evaluate to 'true' [-Wpointer-bool-conversion]
             return (!a + !b + !c + !d + !e + !f + !g + !h + !i + !!j + !k + !!l
                                                   ~^
conftest.c:80:58: warning: address of array 'h' will always evaluate to 'true' [-Wpointer-bool-conversion]
             return (!a + !b + !c + !d + !e + !f + !g + !h + !i + !!j + !k + !!l
                                                        ~^
conftest.c:80:63: warning: address of array 'i' will always evaluate to 'true' [-Wpointer-bool-conversion]
             return (!a + !b + !c + !d + !e + !f + !g + !h + !i + !!j + !k + !!l
                                                             ~^
conftest.c:81:30: warning: address of array 'n' will always evaluate to 'true' [-Wpointer-bool-conversion]
                            ~^
conftest.c:81:35: warning: address of array 'o' will always evaluate to 'true' [-Wpointer-bool-conversion]
                                 ~^
conftest.c:81:40: warning: address of array 'p' will always evaluate to 'true' [-Wpointer-bool-conversion]
                                      ~^
12 warnings generated.
configure:16432: $? = 0
configure:16439: result: yes
configure:16441: checking for _Bool
configure:16441: gcc -c -g -O2  conftest.c >&5
configure:16441: $? = 0
configure:16441: gcc -c -g -O2  conftest.c >&5
conftest.c:63:20: error: expected expression
if (sizeof ((_Bool)))
                   ^
1 error generated.
configure:16441: $? = 1
configure: failed program was:
| /* confdefs.h */
| #define PACKAGE_NAME "opencore-amr"
| #define PACKAGE_TARNAME "opencore-amr"
| #define PACKAGE_VERSION "0.1.4"
| #define PACKAGE_STRING "opencore-amr 0.1.4"
| #define PACKAGE_BUGREPORT "http://sourceforge.net/projects/opencore-amr/"
| #define PACKAGE_URL ""
| #define PACKAGE "opencore-amr"
| #define VERSION "0.1.4"
| #define STDC_HEADERS 1
| #define HAVE_SYS_TYPES_H 1
| #define HAVE_SYS_STAT_H 1
| #define HAVE_STDLIB_H 1
| #define HAVE_STRING_H 1
| #define HAVE_MEMORY_H 1
| #define HAVE_STRINGS_H 1
| #define HAVE_INTTYPES_H 1
| #define HAVE_STDINT_H 1
| #define HAVE_UNISTD_H 1
| #define HAVE_DLFCN_H 1
| #define LT_OBJDIR ".libs/"
| #define HAVE_LIBM 1
| #define HAVE_STDINT_H 1
| #define HAVE_STDLIB_H 1
| #define HAVE_STRING_H 1
| /* end confdefs.h.  */
| #include <stdio.h>
| #ifdef HAVE_SYS_TYPES_H
| # include <sys/types.h>
| #endif
| #ifdef HAVE_SYS_STAT_H
| # include <sys/stat.h>
| #endif
| #ifdef STDC_HEADERS
| # include <stdlib.h>
| # include <stddef.h>
| #else
| # ifdef HAVE_STDLIB_H
| #  include <stdlib.h>
| # endif
| #endif
| #ifdef HAVE_STRING_H
| # if !defined STDC_HEADERS && defined HAVE_MEMORY_H
| #  include <memory.h>
| # endif
| # include <string.h>
| #endif
| #ifdef HAVE_STRINGS_H
| # include <strings.h>
| #endif
| #ifdef HAVE_INTTYPES_H
| # include <inttypes.h>
| #endif
| #ifdef HAVE_STDINT_H
| # include <stdint.h>
| #endif
| #ifdef HAVE_UNISTD_H
| # include <unistd.h>
| #endif
| int
| main ()
| {
| if (sizeof ((_Bool)))
| 	    return 0;
|   ;
|   return 0;
| }
configure:16441: result: yes
configure:16458: checking for inline
configure:16474: gcc -c -g -O2  conftest.c >&5
configure:16474: $? = 0
configure:16482: result: inline
configure:16500: checking for int16_t
configure:16500: gcc -c -g -O2  conftest.c >&5
configure:16500: $? = 0
configure:16500: gcc -c -g -O2  conftest.c >&5
conftest.c:66:24: error: 'test_array' declared as an array with a negative size
static int test_array [1 - 2 * !((int16_t) (((((int16_t) 1 << N) << N) - 1) * 2 + 1)
                       ^~~~~~~~~~~~~~~~~~~~~~~~~~~~~~~~~~~~~~~~~~~~~~~~~~~~~~~~~~~~~
1 error generated.
configure:16500: $? = 1
configure: failed program was:
| /* confdefs.h */
| #define PACKAGE_NAME "opencore-amr"
| #define PACKAGE_TARNAME "opencore-amr"
| #define PACKAGE_VERSION "0.1.4"
| #define PACKAGE_STRING "opencore-amr 0.1.4"
| #define PACKAGE_BUGREPORT "http://sourceforge.net/projects/opencore-amr/"
| #define PACKAGE_URL ""
| #define PACKAGE "opencore-amr"
| #define VERSION "0.1.4"
| #define STDC_HEADERS 1
| #define HAVE_SYS_TYPES_H 1
| #define HAVE_SYS_STAT_H 1
| #define HAVE_STDLIB_H 1
| #define HAVE_STRING_H 1
| #define HAVE_MEMORY_H 1
| #define HAVE_STRINGS_H 1
| #define HAVE_INTTYPES_H 1
| #define HAVE_STDINT_H 1
| #define HAVE_UNISTD_H 1
| #define HAVE_DLFCN_H 1
| #define LT_OBJDIR ".libs/"
| #define HAVE_LIBM 1
| #define HAVE_STDINT_H 1
| #define HAVE_STDLIB_H 1
| #define HAVE_STRING_H 1
| #define HAVE__BOOL 1
| #define HAVE_STDBOOL_H 1
| /* end confdefs.h.  */
| #include <stdio.h>
| #ifdef HAVE_SYS_TYPES_H
| # include <sys/types.h>
| #endif
| #ifdef HAVE_SYS_STAT_H
| # include <sys/stat.h>
| #endif
| #ifdef STDC_HEADERS
| # include <stdlib.h>
| # include <stddef.h>
| #else
| # ifdef HAVE_STDLIB_H
| #  include <stdlib.h>
| # endif
| #endif
| #ifdef HAVE_STRING_H
| # if !defined STDC_HEADERS && defined HAVE_MEMORY_H
| #  include <memory.h>
| # endif
| # include <string.h>
| #endif
| #ifdef HAVE_STRINGS_H
| # include <strings.h>
| #endif
| #ifdef HAVE_INTTYPES_H
| # include <inttypes.h>
| #endif
| #ifdef HAVE_STDINT_H
| # include <stdint.h>
| #endif
| #ifdef HAVE_UNISTD_H
| # include <unistd.h>
| #endif
| 	        enum { N = 16 / 2 - 1 };
| int
| main ()
| {
| static int test_array [1 - 2 * !((int16_t) (((((int16_t) 1 << N) << N) - 1) * 2 + 1)
| 		 < (int16_t) (((((int16_t) 1 << N) << N) - 1) * 2 + 2))];
| test_array [0] = 0;
| return test_array [0];
| 
|   ;
|   return 0;
| }
configure:16500: result: yes
configure:16511: checking for int32_t
configure:16511: gcc -c -g -O2  conftest.c >&5
configure:16511: $? = 0
configure:16511: gcc -c -g -O2  conftest.c >&5
conftest.c:66:24: error: 'test_array' declared as an array with a negative size
static int test_array [1 - 2 * !((int32_t) (((((int32_t) 1 << N) << N) - 1) * 2 + 1)
                       ^~~~~~~~~~~~~~~~~~~~~~~~~~~~~~~~~~~~~~~~~~~~~~~~~~~~~~~~~~~~~
1 error generated.
configure:16511: $? = 1
configure: failed program was:
| /* confdefs.h */
| #define PACKAGE_NAME "opencore-amr"
| #define PACKAGE_TARNAME "opencore-amr"
| #define PACKAGE_VERSION "0.1.4"
| #define PACKAGE_STRING "opencore-amr 0.1.4"
| #define PACKAGE_BUGREPORT "http://sourceforge.net/projects/opencore-amr/"
| #define PACKAGE_URL ""
| #define PACKAGE "opencore-amr"
| #define VERSION "0.1.4"
| #define STDC_HEADERS 1
| #define HAVE_SYS_TYPES_H 1
| #define HAVE_SYS_STAT_H 1
| #define HAVE_STDLIB_H 1
| #define HAVE_STRING_H 1
| #define HAVE_MEMORY_H 1
| #define HAVE_STRINGS_H 1
| #define HAVE_INTTYPES_H 1
| #define HAVE_STDINT_H 1
| #define HAVE_UNISTD_H 1
| #define HAVE_DLFCN_H 1
| #define LT_OBJDIR ".libs/"
| #define HAVE_LIBM 1
| #define HAVE_STDINT_H 1
| #define HAVE_STDLIB_H 1
| #define HAVE_STRING_H 1
| #define HAVE__BOOL 1
| #define HAVE_STDBOOL_H 1
| /* end confdefs.h.  */
| #include <stdio.h>
| #ifdef HAVE_SYS_TYPES_H
| # include <sys/types.h>
| #endif
| #ifdef HAVE_SYS_STAT_H
| # include <sys/stat.h>
| #endif
| #ifdef STDC_HEADERS
| # include <stdlib.h>
| # include <stddef.h>
| #else
| # ifdef HAVE_STDLIB_H
| #  include <stdlib.h>
| # endif
| #endif
| #ifdef HAVE_STRING_H
| # if !defined STDC_HEADERS && defined HAVE_MEMORY_H
| #  include <memory.h>
| # endif
| # include <string.h>
| #endif
| #ifdef HAVE_STRINGS_H
| # include <strings.h>
| #endif
| #ifdef HAVE_INTTYPES_H
| # include <inttypes.h>
| #endif
| #ifdef HAVE_STDINT_H
| # include <stdint.h>
| #endif
| #ifdef HAVE_UNISTD_H
| # include <unistd.h>
| #endif
| 	        enum { N = 32 / 2 - 1 };
| int
| main ()
| {
| static int test_array [1 - 2 * !((int32_t) (((((int32_t) 1 << N) << N) - 1) * 2 + 1)
| 		 < (int32_t) (((((int32_t) 1 << N) << N) - 1) * 2 + 2))];
| test_array [0] = 0;
| return test_array [0];
| 
|   ;
|   return 0;
| }
configure:16511: result: yes
configure:16522: checking for int64_t
configure:16522: gcc -c -g -O2  conftest.c >&5
configure:16522: $? = 0
configure:16522: gcc -c -g -O2  conftest.c >&5
conftest.c:66:24: error: 'test_array' declared as an array with a negative size
static int test_array [1 - 2 * !((int64_t) (((((int64_t) 1 << N) << N) - 1) * 2 + 1)
                       ^~~~~~~~~~~~~~~~~~~~~~~~~~~~~~~~~~~~~~~~~~~~~~~~~~~~~~~~~~~~~
1 error generated.
configure:16522: $? = 1
configure: failed program was:
| /* confdefs.h */
| #define PACKAGE_NAME "opencore-amr"
| #define PACKAGE_TARNAME "opencore-amr"
| #define PACKAGE_VERSION "0.1.4"
| #define PACKAGE_STRING "opencore-amr 0.1.4"
| #define PACKAGE_BUGREPORT "http://sourceforge.net/projects/opencore-amr/"
| #define PACKAGE_URL ""
| #define PACKAGE "opencore-amr"
| #define VERSION "0.1.4"
| #define STDC_HEADERS 1
| #define HAVE_SYS_TYPES_H 1
| #define HAVE_SYS_STAT_H 1
| #define HAVE_STDLIB_H 1
| #define HAVE_STRING_H 1
| #define HAVE_MEMORY_H 1
| #define HAVE_STRINGS_H 1
| #define HAVE_INTTYPES_H 1
| #define HAVE_STDINT_H 1
| #define HAVE_UNISTD_H 1
| #define HAVE_DLFCN_H 1
| #define LT_OBJDIR ".libs/"
| #define HAVE_LIBM 1
| #define HAVE_STDINT_H 1
| #define HAVE_STDLIB_H 1
| #define HAVE_STRING_H 1
| #define HAVE__BOOL 1
| #define HAVE_STDBOOL_H 1
| /* end confdefs.h.  */
| #include <stdio.h>
| #ifdef HAVE_SYS_TYPES_H
| # include <sys/types.h>
| #endif
| #ifdef HAVE_SYS_STAT_H
| # include <sys/stat.h>
| #endif
| #ifdef STDC_HEADERS
| # include <stdlib.h>
| # include <stddef.h>
| #else
| # ifdef HAVE_STDLIB_H
| #  include <stdlib.h>
| # endif
| #endif
| #ifdef HAVE_STRING_H
| # if !defined STDC_HEADERS && defined HAVE_MEMORY_H
| #  include <memory.h>
| # endif
| # include <string.h>
| #endif
| #ifdef HAVE_STRINGS_H
| # include <strings.h>
| #endif
| #ifdef HAVE_INTTYPES_H
| # include <inttypes.h>
| #endif
| #ifdef HAVE_STDINT_H
| # include <stdint.h>
| #endif
| #ifdef HAVE_UNISTD_H
| # include <unistd.h>
| #endif
| 	        enum { N = 64 / 2 - 1 };
| int
| main ()
| {
| static int test_array [1 - 2 * !((int64_t) (((((int64_t) 1 << N) << N) - 1) * 2 + 1)
| 		 < (int64_t) (((((int64_t) 1 << N) << N) - 1) * 2 + 2))];
| test_array [0] = 0;
| return test_array [0];
| 
|   ;
|   return 0;
| }
configure:16522: result: yes
configure:16533: checking for int8_t
configure:16533: gcc -c -g -O2  conftest.c >&5
configure:16533: $? = 0
configure:16533: gcc -c -g -O2  conftest.c >&5
conftest.c:66:24: error: 'test_array' declared as an array with a negative size
static int test_array [1 - 2 * !((int8_t) (((((int8_t) 1 << N) << N) - 1) * 2 + 1)
                       ^~~~~~~~~~~~~~~~~~~~~~~~~~~~~~~~~~~~~~~~~~~~~~~~~~~~~~~~~~~
1 error generated.
configure:16533: $? = 1
configure: failed program was:
| /* confdefs.h */
| #define PACKAGE_NAME "opencore-amr"
| #define PACKAGE_TARNAME "opencore-amr"
| #define PACKAGE_VERSION "0.1.4"
| #define PACKAGE_STRING "opencore-amr 0.1.4"
| #define PACKAGE_BUGREPORT "http://sourceforge.net/projects/opencore-amr/"
| #define PACKAGE_URL ""
| #define PACKAGE "opencore-amr"
| #define VERSION "0.1.4"
| #define STDC_HEADERS 1
| #define HAVE_SYS_TYPES_H 1
| #define HAVE_SYS_STAT_H 1
| #define HAVE_STDLIB_H 1
| #define HAVE_STRING_H 1
| #define HAVE_MEMORY_H 1
| #define HAVE_STRINGS_H 1
| #define HAVE_INTTYPES_H 1
| #define HAVE_STDINT_H 1
| #define HAVE_UNISTD_H 1
| #define HAVE_DLFCN_H 1
| #define LT_OBJDIR ".libs/"
| #define HAVE_LIBM 1
| #define HAVE_STDINT_H 1
| #define HAVE_STDLIB_H 1
| #define HAVE_STRING_H 1
| #define HAVE__BOOL 1
| #define HAVE_STDBOOL_H 1
| /* end confdefs.h.  */
| #include <stdio.h>
| #ifdef HAVE_SYS_TYPES_H
| # include <sys/types.h>
| #endif
| #ifdef HAVE_SYS_STAT_H
| # include <sys/stat.h>
| #endif
| #ifdef STDC_HEADERS
| # include <stdlib.h>
| # include <stddef.h>
| #else
| # ifdef HAVE_STDLIB_H
| #  include <stdlib.h>
| # endif
| #endif
| #ifdef HAVE_STRING_H
| # if !defined STDC_HEADERS && defined HAVE_MEMORY_H
| #  include <memory.h>
| # endif
| # include <string.h>
| #endif
| #ifdef HAVE_STRINGS_H
| # include <strings.h>
| #endif
| #ifdef HAVE_INTTYPES_H
| # include <inttypes.h>
| #endif
| #ifdef HAVE_STDINT_H
| # include <stdint.h>
| #endif
| #ifdef HAVE_UNISTD_H
| # include <unistd.h>
| #endif
| 	        enum { N = 8 / 2 - 1 };
| int
| main ()
| {
| static int test_array [1 - 2 * !((int8_t) (((((int8_t) 1 << N) << N) - 1) * 2 + 1)
| 		 < (int8_t) (((((int8_t) 1 << N) << N) - 1) * 2 + 2))];
| test_array [0] = 0;
| return test_array [0];
| 
|   ;
|   return 0;
| }
configure:16533: result: yes
configure:16544: checking for uint16_t
configure:16544: gcc -c -g -O2  conftest.c >&5
configure:16544: $? = 0
configure:16544: result: yes
configure:16556: checking for uint32_t
configure:16556: gcc -c -g -O2  conftest.c >&5
configure:16556: $? = 0
configure:16556: result: yes
configure:16570: checking for uint64_t
configure:16570: gcc -c -g -O2  conftest.c >&5
configure:16570: $? = 0
configure:16570: result: yes
configure:16584: checking for uint8_t
configure:16584: gcc -c -g -O2  conftest.c >&5
configure:16584: $? = 0
configure:16584: result: yes
configure:16601: checking for stdlib.h
configure:16601: result: yes
configure:16611: checking for GNU libc compatible malloc
configure:16645: result: yes
configure:16668: checking for memset
configure:16668: gcc -o conftest -g -O2  -Wl,-syslibroot,/Applications/Xcode.app/Contents/Developer/Platforms/iPhoneOS.platform/Developer/SDKs/iPhoneOS10.2.sdk conftest.c -lm  >&5
conftest.c:54:6: warning: incompatible redeclaration of library function 'memset' [-Wincompatible-library-redeclaration]
char memset ();
     ^
conftest.c:54:6: note: 'memset' is a builtin with type 'void *(void *, int, unsigned long)'
1 warning generated.
configure:16668: $? = 0
configure:16668: result: yes
configure:16830: checking that generated files are newer than configure
configure:16836: result: done
configure:16887: creating ./config.status

## ---------------------- ##
## Running config.status. ##
## ---------------------- ##

This file was extended by opencore-amr config.status 0.1.4, which was
generated by GNU Autoconf 2.69.  Invocation command line was

  CONFIG_FILES    = 
  CONFIG_HEADERS  = 
  CONFIG_LINKS    = 
  CONFIG_COMMANDS = 
  $ ./config.status 

on Sunnys-MacBook-Pro.local

config.status:1092: creating Makefile
config.status:1092: creating amrnb/Makefile
config.status:1092: creating amrwb/Makefile
config.status:1092: creating test/Makefile
config.status:1092: creating amrnb/opencore-amrnb.pc
config.status:1092: creating amrwb/opencore-amrwb.pc
config.status:1264: executing depfiles commands
config.status:1264: executing libtool commands

## ---------------- ##
## Cache variables. ##
## ---------------- ##

ac_cv_build=x86_64-apple-darwin16.3.0
ac_cv_c_compiler_gnu=yes
ac_cv_c_inline=inline
ac_cv_c_int16_t=yes
ac_cv_c_int32_t=yes
ac_cv_c_int64_t=yes
ac_cv_c_int8_t=yes
ac_cv_c_uint16_t=yes
ac_cv_c_uint32_t=yes
ac_cv_c_uint64_t=yes
ac_cv_c_uint8_t=yes
ac_cv_cxx_compiler_gnu=yes
ac_cv_env_CCC_set=
ac_cv_env_CCC_value=
ac_cv_env_CC_set=
ac_cv_env_CC_value=
ac_cv_env_CFLAGS_set=
ac_cv_env_CFLAGS_value=
ac_cv_env_CPPFLAGS_set=
ac_cv_env_CPPFLAGS_value=
ac_cv_env_CPP_set=
ac_cv_env_CPP_value=
ac_cv_env_CXXCPP_set=
ac_cv_env_CXXCPP_value=
ac_cv_env_CXXFLAGS_set=
ac_cv_env_CXXFLAGS_value=
ac_cv_env_CXX_set=set
ac_cv_env_CXX_value='xcrun --sdk iphoneos clang++ -arch arm64  -miphoneos-version-min=7.0 --sysroot=/Applications/Xcode.app/Contents/Developer/Platforms/iPhoneOS.platform/Developer/SDKs/iPhoneOS10.2.sdk -isystem /Applications/Xcode.app/Contents/Developer/Platforms/iPhoneOS.platform/Developer/SDKs/iPhoneOS10.2.sdk/usr/include'
ac_cv_env_LDFLAGS_set=set
ac_cv_env_LDFLAGS_value=-Wl,-syslibroot,/Applications/Xcode.app/Contents/Developer/Platforms/iPhoneOS.platform/Developer/SDKs/iPhoneOS10.2.sdk
ac_cv_env_LIBS_set=
ac_cv_env_LIBS_value=
ac_cv_env_LT_SYS_LIBRARY_PATH_set=
ac_cv_env_LT_SYS_LIBRARY_PATH_value=
ac_cv_env_build_alias_set=
ac_cv_env_build_alias_value=
ac_cv_env_host_alias_set=set
ac_cv_env_host_alias_value=arm-apple-darwin
ac_cv_env_target_alias_set=
ac_cv_env_target_alias_value=
ac_cv_func_malloc_0_nonnull=yes
ac_cv_func_memset=yes
ac_cv_header_dlfcn_h=yes
ac_cv_header_inttypes_h=yes
ac_cv_header_memory_h=yes
ac_cv_header_stdbool_h=yes
ac_cv_header_stdc=yes
ac_cv_header_stdint_h=yes
ac_cv_header_stdlib_h=yes
ac_cv_header_string_h=yes
ac_cv_header_strings_h=yes
ac_cv_header_sys_stat_h=yes
ac_cv_header_sys_types_h=yes
ac_cv_header_unistd_h=yes
ac_cv_host=arm-apple-darwin
ac_cv_lib_m_main=yes
ac_cv_objext=o
ac_cv_path_EGREP='/usr/bin/grep -E'
ac_cv_path_FGREP='/usr/bin/grep -F'
ac_cv_path_GREP=/usr/bin/grep
ac_cv_path_SED=/usr/bin/sed
ac_cv_path_install='/usr/bin/install -c'
ac_cv_path_lt_DD=/bin/dd
ac_cv_prog_AWK=awk
ac_cv_prog_CPP='gcc -E'
ac_cv_prog_CXXCPP='xcrun --sdk iphoneos clang++ -arch arm64  -miphoneos-version-min=7.0 --sysroot=/Applications/Xcode.app/Contents/Developer/Platforms/iPhoneOS.platform/Developer/SDKs/iPhoneOS10.2.sdk -isystem /Applications/Xcode.app/Contents/Developer/Platforms/iPhoneOS.platform/Developer/SDKs/iPhoneOS10.2.sdk/usr/include -E'
ac_cv_prog_STRIP=strip
ac_cv_prog_ac_ct_AR=ar
ac_cv_prog_ac_ct_CC=gcc
ac_cv_prog_ac_ct_DSYMUTIL=dsymutil
ac_cv_prog_ac_ct_DUMPBIN='link -dump'
ac_cv_prog_ac_ct_LIPO=lipo
ac_cv_prog_ac_ct_NMEDIT=nmedit
ac_cv_prog_ac_ct_OBJDUMP=objdump
ac_cv_prog_ac_ct_OTOOL=otool
ac_cv_prog_ac_ct_RANLIB=ranlib
ac_cv_prog_ac_ct_STRIP=strip
ac_cv_prog_cc_c89=
ac_cv_prog_cc_g=yes
ac_cv_prog_cxx_g=yes
ac_cv_prog_make_make_set=yes
ac_cv_type__Bool=yes
am_cv_CC_dependencies_compiler_type=gcc3
am_cv_CXX_dependencies_compiler_type=gcc3
am_cv_make_support_nested_variables=yes
am_cv_prog_cc_c_o=yes
am_cv_prog_tar_ustar=gnutar
lt_cv_apple_cc_single_mod=yes
lt_cv_ar_at_file=no
lt_cv_deplibs_check_method=pass_all
lt_cv_file_magic_cmd='$MAGIC_CMD'
lt_cv_file_magic_test_file=
lt_cv_ld_exported_symbols_list=yes
lt_cv_ld_force_load=yes
lt_cv_ld_reload_flag=-r
lt_cv_nm_interface='BSD nm'
lt_cv_objdir=.libs
lt_cv_path_LD=/Applications/Xcode.app/Contents/Developer/Toolchains/XcodeDefault.xctoolchain/usr/bin/ld
lt_cv_path_LDCXX=/Applications/Xcode.app/Contents/Developer/Toolchains/XcodeDefault.xctoolchain/usr/bin/ld
lt_cv_path_NM=no
lt_cv_path_mainfest_tool=no
lt_cv_prog_compiler_c_o=yes
lt_cv_prog_compiler_c_o_CXX=yes
lt_cv_prog_compiler_pic='-fno-common -DPIC'
lt_cv_prog_compiler_pic_CXX='-fno-common -DPIC'
lt_cv_prog_compiler_pic_works=yes
lt_cv_prog_compiler_pic_works_CXX=yes
lt_cv_prog_compiler_rtti_exceptions=yes
lt_cv_prog_compiler_static_works=no
lt_cv_prog_compiler_static_works_CXX=no
lt_cv_prog_gnu_ld=no
lt_cv_prog_gnu_ldcxx=no
lt_cv_sharedlib_from_linklib_cmd='printf %s\n'
lt_cv_sys_global_symbol_pipe='sed -n -e '\''s/^.*[	 ]\([BCDEGRST][BCDEGRST]*\)[	 ][	 ]*_\([_A-Za-z][_A-Za-z0-9]*\)$/\1 _\2 \2/p'\'' | sed '\''/ __gnu_lto/d'\'''
lt_cv_sys_global_symbol_to_c_name_address='sed -n -e '\''s/^: \(.*\) .*$/  {"\1", (void *) 0},/p'\'' -e '\''s/^[BCDEGRST][BCDEGRST]* .* \(.*\)$/  {"\1", (void *) \&\1},/p'\'''
lt_cv_sys_global_symbol_to_c_name_address_lib_prefix='sed -n -e '\''s/^: \(.*\) .*$/  {"\1", (void *) 0},/p'\'' -e '\''s/^[BCDEGRST][BCDEGRST]* .* \(lib.*\)$/  {"\1", (void *) \&\1},/p'\'' -e '\''s/^[BCDEGRST][BCDEGRST]* .* \(.*\)$/  {"lib\1", (void *) \&\1},/p'\'''
lt_cv_sys_global_symbol_to_cdecl='sed -n -e '\''s/^T .* \(.*\)$/extern int \1();/p'\'' -e '\''s/^[BCDEGRST][BCDEGRST]* .* \(.*\)$/extern char \1;/p'\'''
lt_cv_sys_global_symbol_to_import=
lt_cv_sys_max_cmd_len=196608
lt_cv_to_host_file_cmd=func_convert_file_noop
lt_cv_to_tool_file_cmd=func_convert_file_noop
lt_cv_truncate_bin='/bin/dd bs=4096 count=1'

## ----------------- ##
## Output variables. ##
## ----------------- ##

ACLOCAL='${SHELL} /Users/sunnysun/workspace/opencore-amr-0.1.4/missing aclocal-1.15'
AMDEPBACKSLASH='\'
AMDEP_FALSE='#'
AMDEP_TRUE=''
AMRNB_DECODER_FALSE='#'
AMRNB_DECODER_TRUE=''
AMRNB_ENCODER_FALSE='#'
AMRNB_ENCODER_TRUE=''
AMTAR='$${TAR-tar}'
AM_BACKSLASH='\'
AM_DEFAULT_V='$(AM_DEFAULT_VERBOSITY)'
AM_DEFAULT_VERBOSITY='0'
AM_V='$(V)'
AR='ar'
AUTOCONF='${SHELL} /Users/sunnysun/workspace/opencore-amr-0.1.4/missing autoconf'
AUTOHEADER='${SHELL} /Users/sunnysun/workspace/opencore-amr-0.1.4/missing autoheader'
AUTOMAKE='${SHELL} /Users/sunnysun/workspace/opencore-amr-0.1.4/missing automake-1.15'
AWK='awk'
CC='gcc'
CCDEPMODE='depmode=gcc3'
CFLAGS='-g -O2'
COMPILE_AS_C_FALSE='#'
COMPILE_AS_C_TRUE=''
CPP='gcc -E'
CPPFLAGS=''
CXX='xcrun --sdk iphoneos clang++ -arch arm64  -miphoneos-version-min=7.0 --sysroot=/Applications/Xcode.app/Contents/Developer/Platforms/iPhoneOS.platform/Developer/SDKs/iPhoneOS10.2.sdk -isystem /Applications/Xcode.app/Contents/Developer/Platforms/iPhoneOS.platform/Developer/SDKs/iPhoneOS10.2.sdk/usr/include'
CXXCPP='xcrun --sdk iphoneos clang++ -arch arm64  -miphoneos-version-min=7.0 --sysroot=/Applications/Xcode.app/Contents/Developer/Platforms/iPhoneOS.platform/Developer/SDKs/iPhoneOS10.2.sdk -isystem /Applications/Xcode.app/Contents/Developer/Platforms/iPhoneOS.platform/Developer/SDKs/iPhoneOS10.2.sdk/usr/include -E'
CXXDEPMODE='depmode=gcc3'
CXXFLAGS='-g -O2'
CYGPATH_W='echo'
DEFS='-DPACKAGE_NAME=\"opencore-amr\" -DPACKAGE_TARNAME=\"opencore-amr\" -DPACKAGE_VERSION=\"0.1.4\" -DPACKAGE_STRING=\"opencore-amr\ 0.1.4\" -DPACKAGE_BUGREPORT=\"http://sourceforge.net/projects/opencore-amr/\" -DPACKAGE_URL=\"\" -DPACKAGE=\"opencore-amr\" -DVERSION=\"0.1.4\" -DSTDC_HEADERS=1 -DHAVE_SYS_TYPES_H=1 -DHAVE_SYS_STAT_H=1 -DHAVE_STDLIB_H=1 -DHAVE_STRING_H=1 -DHAVE_MEMORY_H=1 -DHAVE_STRINGS_H=1 -DHAVE_INTTYPES_H=1 -DHAVE_STDINT_H=1 -DHAVE_UNISTD_H=1 -DHAVE_DLFCN_H=1 -DLT_OBJDIR=\".libs/\" -DHAVE_LIBM=1 -DHAVE_STDINT_H=1 -DHAVE_STDLIB_H=1 -DHAVE_STRING_H=1 -DHAVE__BOOL=1 -DHAVE_STDBOOL_H=1 -DHAVE_STDLIB_H=1 -DHAVE_MALLOC=1 -DHAVE_MEMSET=1'
DEPDIR='.deps'
DLLTOOL='false'
DSYMUTIL='dsymutil'
DUMPBIN=':'
ECHO_C='\c'
ECHO_N=''
ECHO_T=''
EGREP='/usr/bin/grep -E'
EXAMPLES_FALSE=''
EXAMPLES_TRUE='#'
EXEEXT=''
FGREP='/usr/bin/grep -F'
GCC_ARMV5_FALSE=''
GCC_ARMV5_TRUE='#'
GREP='/usr/bin/grep'
INSTALL_DATA='${INSTALL} -m 644'
INSTALL_PROGRAM='${INSTALL}'
INSTALL_SCRIPT='${INSTALL}'
INSTALL_STRIP_PROGRAM='$(install_sh) -c -s'
LD='/Applications/Xcode.app/Contents/Developer/Toolchains/XcodeDefault.xctoolchain/usr/bin/ld'
LDFLAGS='-Wl,-syslibroot,/Applications/Xcode.app/Contents/Developer/Platforms/iPhoneOS.platform/Developer/SDKs/iPhoneOS10.2.sdk'
LIBOBJS=''
LIBS='-lm '
LIBTOOL='$(SHELL) $(top_builddir)/libtool'
LIPO='lipo'
LN_S='ln -s'
LTLIBOBJS=''
LT_SYS_LIBRARY_PATH=''
MAINT='#'
MAINTAINER_MODE_FALSE=''
MAINTAINER_MODE_TRUE='#'
MAKEINFO='${SHELL} /Users/sunnysun/workspace/opencore-amr-0.1.4/missing makeinfo'
MANIFEST_TOOL=':'
MKDIR_P='./install-sh -c -d'
NM='nm'
NMEDIT='nmedit'
OBJDUMP='objdump'
OBJEXT='o'
OPENCORE_AMRNB_VERSION='0:3:0'
OPENCORE_AMRWB_VERSION='0:3:0'
OTOOL64=':'
OTOOL='otool'
PACKAGE='opencore-amr'
PACKAGE_BUGREPORT='http://sourceforge.net/projects/opencore-amr/'
PACKAGE_NAME='opencore-amr'
PACKAGE_STRING='opencore-amr 0.1.4'
PACKAGE_TARNAME='opencore-amr'
PACKAGE_URL=''
PACKAGE_VERSION='0.1.4'
PATH_SEPARATOR=':'
RANLIB='ranlib'
SED='/usr/bin/sed'
SET_MAKE=''
SHELL='/bin/sh'
STRIP='strip'
VERSION='0.1.4'
ac_ct_AR='ar'
ac_ct_CC='gcc'
ac_ct_CXX=''
ac_ct_DUMPBIN='link -dump'
am__EXEEXT_FALSE=''
am__EXEEXT_TRUE='#'
am__fastdepCC_FALSE='#'
am__fastdepCC_TRUE=''
am__fastdepCXX_FALSE='#'
am__fastdepCXX_TRUE=''
am__include='include'
am__isrc=''
am__leading_dot='.'
am__nodep='_no'
am__quote=''
am__tar='tar --format=ustar -chf - "$$tardir"'
am__untar='tar -xf -'
bindir='${exec_prefix}/bin'
build='x86_64-apple-darwin16.3.0'
build_alias=''
build_cpu='x86_64'
build_os='darwin16.3.0'
build_vendor='apple'
datadir='${datarootdir}'
datarootdir='${prefix}/share'
docdir='${datarootdir}/doc/${PACKAGE_TARNAME}'
dvidir='${docdir}'
exec_prefix='${prefix}'
host='arm-apple-darwin'
host_alias='arm-apple-darwin'
host_cpu='arm'
host_os='darwin'
host_vendor='apple'
htmldir='${docdir}'
includedir='${prefix}/include'
infodir='${datarootdir}/info'
install_sh='${SHELL} /Users/sunnysun/workspace/opencore-amr-0.1.4/install-sh'
libdir='${exec_prefix}/lib'
libexecdir='${exec_prefix}/libexec'
localedir='${datarootdir}/locale'
localstatedir='${prefix}/var'
mandir='${datarootdir}/man'
mkdir_p='$(MKDIR_P)'
oldincludedir='/usr/include'
pdfdir='${docdir}'
prefix='/Users/sunnysun/workspace/opencore-amr-0.1.4/opencore-amr-iOS'
program_transform_name='s,x,x,'
psdir='${docdir}'
runstatedir='${localstatedir}/run'
sbindir='${exec_prefix}/sbin'
sharedstatedir='${prefix}/com'
sysconfdir='${prefix}/etc'
target_alias=''

## ----------- ##
## confdefs.h. ##
## ----------- ##

/* confdefs.h */
#define PACKAGE_NAME "opencore-amr"
#define PACKAGE_TARNAME "opencore-amr"
#define PACKAGE_VERSION "0.1.4"
#define PACKAGE_STRING "opencore-amr 0.1.4"
#define PACKAGE_BUGREPORT "http://sourceforge.net/projects/opencore-amr/"
#define PACKAGE_URL ""
#define PACKAGE "opencore-amr"
#define VERSION "0.1.4"
#define STDC_HEADERS 1
#define HAVE_SYS_TYPES_H 1
#define HAVE_SYS_STAT_H 1
#define HAVE_STDLIB_H 1
#define HAVE_STRING_H 1
#define HAVE_MEMORY_H 1
#define HAVE_STRINGS_H 1
#define HAVE_INTTYPES_H 1
#define HAVE_STDINT_H 1
#define HAVE_UNISTD_H 1
#define HAVE_DLFCN_H 1
#define LT_OBJDIR ".libs/"
#define HAVE_LIBM 1
#define HAVE_STDINT_H 1
#define HAVE_STDLIB_H 1
#define HAVE_STRING_H 1
#define HAVE__BOOL 1
#define HAVE_STDBOOL_H 1
#define HAVE_STDLIB_H 1
#define HAVE_MALLOC 1
#define HAVE_MEMSET 1

configure: exit 0
